{"contracts/Voting.sol":{"l":{"38":48,"39":44,"47":3,"51":3,"57":82,"61":81,"63":80,"64":80,"70":31,"74":30,"80":29,"81":29,"82":29,"83":29,"89":7,"93":6,"94":5,"96":4,"97":4,"98":4,"100":4,"106":24,"110":23,"112":23,"113":23,"114":23,"116":23,"123":15,"127":14,"128":14,"135":8,"139":7,"140":7,"147":3,"151":2,"152":2,"159":2,"163":1,"164":1,"165":3,"166":1,"169":1,"171":1,"172":1},"path":"/home/eric/Alyra/02-Testing/contracts/Voting.sol","s":{"1":48,"2":3,"3":3,"4":82,"5":81,"6":80,"7":31,"8":30,"9":29,"10":29,"11":29,"12":7,"13":6,"14":5,"15":4,"16":24,"17":23,"18":23,"19":23,"20":15,"21":14,"22":8,"23":7,"24":3,"25":2,"26":2,"27":1,"28":1,"29":3,"30":1},"b":{"1":[44,4],"2":[3,1],"3":[3,1],"4":[82,1],"5":[81,1],"6":[80,1],"7":[31,1],"8":[30,1],"9":[29,1],"10":[7,1],"11":[6,1],"12":[5,1],"13":[4,1],"14":[24,1],"15":[23,1],"16":[15,1],"17":[14,1],"18":[8,1],"19":[7,1],"20":[3,1],"21":[2,1],"22":[2,1],"23":[1,1],"24":[1,2]},"f":{"1":48,"2":3,"3":3,"4":82,"5":31,"6":7,"7":24,"8":15,"9":8,"10":3,"11":2},"fnMap":{"1":{"name":"onlyVoters","line":37,"loc":{"start":{"line":37,"column":2},"end":{"line":40,"column":2}}},"2":{"name":"getVoter","line":46,"loc":{"start":{"line":46,"column":2},"end":{"line":48,"column":2}}},"3":{"name":"getOneProposal","line":50,"loc":{"start":{"line":50,"column":2},"end":{"line":52,"column":2}}},"4":{"name":"addVoter","line":56,"loc":{"start":{"line":56,"column":2},"end":{"line":65,"column":2}}},"5":{"name":"addProposal","line":69,"loc":{"start":{"line":69,"column":2},"end":{"line":84,"column":2}}},"6":{"name":"setVote","line":88,"loc":{"start":{"line":88,"column":2},"end":{"line":101,"column":2}}},"7":{"name":"startProposalsRegistering","line":105,"loc":{"start":{"line":105,"column":2},"end":{"line":120,"column":2}}},"8":{"name":"endProposalsRegistering","line":122,"loc":{"start":{"line":122,"column":2},"end":{"line":132,"column":2}}},"9":{"name":"startVotingSession","line":134,"loc":{"start":{"line":134,"column":2},"end":{"line":144,"column":2}}},"10":{"name":"endVotingSession","line":146,"loc":{"start":{"line":146,"column":2},"end":{"line":156,"column":2}}},"11":{"name":"tallyVotes","line":158,"loc":{"start":{"line":158,"column":2},"end":{"line":173,"column":2}}}},"statementMap":{"1":{"start":{"line":38,"column":4},"end":{"line":38,"column":65}},"2":{"start":{"line":47,"column":4},"end":{"line":47,"column":24}},"3":{"start":{"line":51,"column":4},"end":{"line":51,"column":30}},"4":{"start":{"line":57,"column":4},"end":{"line":57,"column":1439}},"5":{"start":{"line":61,"column":4},"end":{"line":61,"column":68}},"6":{"start":{"line":64,"column":4},"end":{"line":64,"column":31}},"7":{"start":{"line":70,"column":4},"end":{"line":70,"column":1824}},"8":{"start":{"line":74,"column":4},"end":{"line":74,"column":1951}},"9":{"start":{"line":80,"column":4},"end":{"line":80,"column":28}},"10":{"start":{"line":82,"column":4},"end":{"line":82,"column":32}},"11":{"start":{"line":83,"column":4},"end":{"line":83,"column":54}},"12":{"start":{"line":89,"column":4},"end":{"line":89,"column":2397}},"13":{"start":{"line":93,"column":4},"end":{"line":93,"column":73}},"14":{"start":{"line":94,"column":4},"end":{"line":94,"column":61}},"15":{"start":{"line":100,"column":4},"end":{"line":100,"column":31}},"16":{"start":{"line":106,"column":4},"end":{"line":106,"column":2970}},"17":{"start":{"line":112,"column":4},"end":{"line":112,"column":28}},"18":{"start":{"line":114,"column":4},"end":{"line":114,"column":32}},"19":{"start":{"line":116,"column":4},"end":{"line":116,"column":3270}},"20":{"start":{"line":123,"column":4},"end":{"line":123,"column":3460}},"21":{"start":{"line":128,"column":4},"end":{"line":128,"column":3663}},"22":{"start":{"line":135,"column":4},"end":{"line":135,"column":3857}},"23":{"start":{"line":140,"column":4},"end":{"line":140,"column":4055}},"24":{"start":{"line":147,"column":4},"end":{"line":147,"column":4239}},"25":{"start":{"line":152,"column":4},"end":{"line":152,"column":4419}},"26":{"start":{"line":159,"column":4},"end":{"line":159,"column":4589}},"27":{"start":{"line":163,"column":4},"end":{"line":163,"column":30}},"28":{"start":{"line":164,"column":4},"end":{"line":164,"column":4751}},"29":{"start":{"line":165,"column":6},"end":{"line":165,"column":4813}},"30":{"start":{"line":172,"column":4},"end":{"line":172,"column":93}}},"branchMap":{"1":{"line":38,"type":"if","locations":[{"start":{"line":38,"column":4},"end":{"line":38,"column":4}},{"start":{"line":38,"column":4},"end":{"line":38,"column":4}}]},"2":{"line":46,"type":"if","locations":[{"start":{"line":46,"column":49},"end":{"line":46,"column":49}},{"start":{"line":46,"column":49},"end":{"line":46,"column":49}}]},"3":{"line":50,"type":"if","locations":[{"start":{"line":50,"column":53},"end":{"line":50,"column":53}},{"start":{"line":50,"column":53},"end":{"line":50,"column":53}}]},"4":{"line":56,"type":"if","locations":[{"start":{"line":56,"column":44},"end":{"line":56,"column":44}},{"start":{"line":56,"column":44},"end":{"line":56,"column":44}}]},"5":{"line":57,"type":"if","locations":[{"start":{"line":57,"column":4},"end":{"line":57,"column":4}},{"start":{"line":57,"column":4},"end":{"line":57,"column":4}}]},"6":{"line":61,"type":"if","locations":[{"start":{"line":61,"column":4},"end":{"line":61,"column":4}},{"start":{"line":61,"column":4},"end":{"line":61,"column":4}}]},"7":{"line":69,"type":"if","locations":[{"start":{"line":69,"column":55},"end":{"line":69,"column":55}},{"start":{"line":69,"column":55},"end":{"line":69,"column":55}}]},"8":{"line":70,"type":"if","locations":[{"start":{"line":70,"column":4},"end":{"line":70,"column":4}},{"start":{"line":70,"column":4},"end":{"line":70,"column":4}}]},"9":{"line":74,"type":"if","locations":[{"start":{"line":74,"column":4},"end":{"line":74,"column":4}},{"start":{"line":74,"column":4},"end":{"line":74,"column":4}}]},"10":{"line":88,"type":"if","locations":[{"start":{"line":88,"column":41},"end":{"line":88,"column":41}},{"start":{"line":88,"column":41},"end":{"line":88,"column":41}}]},"11":{"line":89,"type":"if","locations":[{"start":{"line":89,"column":4},"end":{"line":89,"column":4}},{"start":{"line":89,"column":4},"end":{"line":89,"column":4}}]},"12":{"line":93,"type":"if","locations":[{"start":{"line":93,"column":4},"end":{"line":93,"column":4}},{"start":{"line":93,"column":4},"end":{"line":93,"column":4}}]},"13":{"line":94,"type":"if","locations":[{"start":{"line":94,"column":4},"end":{"line":94,"column":4}},{"start":{"line":94,"column":4},"end":{"line":94,"column":4}}]},"14":{"line":105,"type":"if","locations":[{"start":{"line":105,"column":48},"end":{"line":105,"column":48}},{"start":{"line":105,"column":48},"end":{"line":105,"column":48}}]},"15":{"line":106,"type":"if","locations":[{"start":{"line":106,"column":4},"end":{"line":106,"column":4}},{"start":{"line":106,"column":4},"end":{"line":106,"column":4}}]},"16":{"line":122,"type":"if","locations":[{"start":{"line":122,"column":46},"end":{"line":122,"column":46}},{"start":{"line":122,"column":46},"end":{"line":122,"column":46}}]},"17":{"line":123,"type":"if","locations":[{"start":{"line":123,"column":4},"end":{"line":123,"column":4}},{"start":{"line":123,"column":4},"end":{"line":123,"column":4}}]},"18":{"line":134,"type":"if","locations":[{"start":{"line":134,"column":41},"end":{"line":134,"column":41}},{"start":{"line":134,"column":41},"end":{"line":134,"column":41}}]},"19":{"line":135,"type":"if","locations":[{"start":{"line":135,"column":4},"end":{"line":135,"column":4}},{"start":{"line":135,"column":4},"end":{"line":135,"column":4}}]},"20":{"line":146,"type":"if","locations":[{"start":{"line":146,"column":39},"end":{"line":146,"column":39}},{"start":{"line":146,"column":39},"end":{"line":146,"column":39}}]},"21":{"line":147,"type":"if","locations":[{"start":{"line":147,"column":4},"end":{"line":147,"column":4}},{"start":{"line":147,"column":4},"end":{"line":147,"column":4}}]},"22":{"line":158,"type":"if","locations":[{"start":{"line":158,"column":33},"end":{"line":158,"column":33}},{"start":{"line":158,"column":33},"end":{"line":158,"column":33}}]},"23":{"line":159,"type":"if","locations":[{"start":{"line":159,"column":4},"end":{"line":159,"column":4}},{"start":{"line":159,"column":4},"end":{"line":159,"column":4}}]},"24":{"line":165,"type":"if","locations":[{"start":{"line":165,"column":6},"end":{"line":165,"column":6}},{"start":{"line":165,"column":6},"end":{"line":165,"column":6}}]}}}}